\BOOKMARK [1][-]{section.1}{Quasimodular\040forms}{}% 1
\BOOKMARK [2][-]{subsection.1.1}{The\040space\040of\040modular\040forms}{section.1}% 2
\BOOKMARK [2][-]{subsection.1.2}{The\040space\040of\040quasimodular\040forms}{section.1}% 3
\BOOKMARK [1][-]{section.2}{Modular\040curves}{}% 4
\BOOKMARK [1][-]{section.3}{Basic\040facts\040and\040definitions}{}% 5
\BOOKMARK [2][-]{subsection.3.1}{Covering\040spaces}{section.3}% 6
\BOOKMARK [2][-]{subsection.3.2}{Complex\040curves}{section.3}% 7
\BOOKMARK [2][-]{subsection.3.3}{Further\040definitions}{section.3}% 8
\BOOKMARK [1][-]{section.4}{Covers\040of\040an\040elliptic\040curve}{}% 9
\BOOKMARK [1][-]{section.5}{Classifying\040covers\040via\040the\040fundamental\040group}{}% 10
\BOOKMARK [2][-]{subsection.5.1}{Marked\040covers\040and\040the\040monodromy\040map}{section.5}% 11
\BOOKMARK [2][-]{subsection.5.2}{Counting\040covers}{section.5}% 12
\BOOKMARK [1][-]{section.6}{Conjugacy\040classes\040of\040the\040symmetric\040group}{}% 13
\BOOKMARK [2][-]{subsection.6.1}{Conjugacy\040cycles}{section.6}% 14
\BOOKMARK [2][-]{subsection.6.2}{Adjacency\040matrices}{section.6}% 15
\BOOKMARK [1][-]{section.7}{The\040group\040algebra\040of\040the\040symmetric\040group}{}% 16
\BOOKMARK [2][-]{subsection.7.1}{The\040centre\040of\040the\040group\040algebra}{section.7}% 17
\BOOKMARK [2][-]{subsection.7.2}{Irreducible\040characters\040of\040the\040symmetric\040group}{section.7}% 18
\BOOKMARK [1][-]{section.8}{Subsets\040of\040the\040half\040integers}{}% 19
\BOOKMARK [1][-]{section.9}{Quasimodularity\040of\040the\040generating\040function}{}% 20
\BOOKMARK [1][-]{section.10}{Appendix:\040Calculations}{}% 21
\BOOKMARK [2][-]{subsection.10.1}{Quasimodular\040forms}{section.10}% 22
